
> weather-dashboard@1.0.0 start
> react-scripts start

Attempting to bind to HOST environment variable: 0.0.0.0
If this was unintentional, check that you haven't mistakenly set it in your shell.
Learn more here: https://cra.link/advanced-config

[34mℹ[39m [90m｢wds｣[39m: Project is running at http://172.30.1.26/
[34mℹ[39m [90m｢wds｣[39m: webpack output is served from 
[34mℹ[39m [90m｢wds｣[39m: Content not from webpack is served from /Users/kennethfeh/projects/weather-dashboard/public
[34mℹ[39m [90m｢wds｣[39m: 404s will fallback to /
Starting the development server...

Error: error:0308010C:digital envelope routines::unsupported
    at new Hash (node:internal/crypto/hash:69:19)
    at Object.createHash (node:crypto:133:10)
    at module.exports (/Users/kennethfeh/projects/weather-dashboard/node_modules/webpack/lib/util/createHash.js:135:53)
    at NormalModule._initBuildHash (/Users/kennethfeh/projects/weather-dashboard/node_modules/webpack/lib/NormalModule.js:417:16)
    at handleParseError (/Users/kennethfeh/projects/weather-dashboard/node_modules/webpack/lib/NormalModule.js:471:10)
    at /Users/kennethfeh/projects/weather-dashboard/node_modules/webpack/lib/NormalModule.js:503:5
    at /Users/kennethfeh/projects/weather-dashboard/node_modules/webpack/lib/NormalModule.js:358:12
    at /Users/kennethfeh/projects/weather-dashboard/node_modules/loader-runner/lib/LoaderRunner.js:373:3
    at iterateNormalLoaders (/Users/kennethfeh/projects/weather-dashboard/node_modules/loader-runner/lib/LoaderRunner.js:214:10)
    at iterateNormalLoaders (/Users/kennethfeh/projects/weather-dashboard/node_modules/loader-runner/lib/LoaderRunner.js:221:10)
/Users/kennethfeh/projects/weather-dashboard/node_modules/react-scripts/scripts/start.js:19
  throw err;
  ^

Error: error:0308010C:digital envelope routines::unsupported
    at new Hash (node:internal/crypto/hash:69:19)
    at Object.createHash (node:crypto:133:10)
    at module.exports (/Users/kennethfeh/projects/weather-dashboard/node_modules/webpack/lib/util/createHash.js:135:53)
    at NormalModule._initBuildHash (/Users/kennethfeh/projects/weather-dashboard/node_modules/webpack/lib/NormalModule.js:417:16)
    at /Users/kennethfeh/projects/weather-dashboard/node_modules/webpack/lib/NormalModule.js:452:10
    at /Users/kennethfeh/projects/weather-dashboard/node_modules/webpack/lib/NormalModule.js:323:13
    at /Users/kennethfeh/projects/weather-dashboard/node_modules/loader-runner/lib/LoaderRunner.js:367:11
    at /Users/kennethfeh/projects/weather-dashboard/node_modules/loader-runner/lib/LoaderRunner.js:233:18
    at context.callback (/Users/kennethfeh/projects/weather-dashboard/node_modules/loader-runner/lib/LoaderRunner.js:111:13)
    at /Users/kennethfeh/projects/weather-dashboard/node_modules/babel-loader/lib/index.js:59:103 {
  opensslErrorStack: [ 'error:03000086:digital envelope routines::initialization error' ],
  library: 'digital envelope routines',
  reason: 'unsupported',
  code: 'ERR_OSSL_EVP_UNSUPPORTED'
}

Node.js v18.20.8
